{"meta": {"format": 2, "version": "7.4.3", "timestamp": "2024-02-26T13:55:52.480911", "branch_coverage": true, "show_contexts": false}, "files": {"account/admin.py": {"executed_lines": [1, 3, 6, 7, 8, 9], "summary": {"covered_lines": 6, "num_statements": 6, "percent_covered": 100.0, "percent_covered_display": "100.00", "missing_lines": 0, "excluded_lines": 0, "num_branches": 2, "num_partial_branches": 0, "covered_branches": 2, "missing_branches": 0}, "missing_lines": [], "excluded_lines": [], "executed_branches": [[6, 7], [6, 8]], "missing_branches": []}, "account/apps.py": {"executed_lines": [1, 4, 5, 6], "summary": {"covered_lines": 4, "num_statements": 4, "percent_covered": 100.0, "percent_covered_display": "100.00", "missing_lines": 0, "excluded_lines": 0, "num_branches": 0, "num_partial_branches": 0, "covered_branches": 0, "missing_branches": 0}, "missing_lines": [], "excluded_lines": [], "executed_branches": [], "missing_branches": []}, "account/authentication.py": {"executed_lines": [], "summary": {"covered_lines": 0, "num_statements": 18, "percent_covered": 0.0, "percent_covered_display": "0.00", "missing_lines": 18, "excluded_lines": 0, "num_branches": 2, "num_partial_branches": 0, "covered_branches": 0, "missing_branches": 2}, "missing_lines": [1, 3, 6, 11, 12, 13, 14, 15, 16, 17, 18, 20, 21, 22, 23, 24, 27, 31], "excluded_lines": [], "executed_branches": [], "missing_branches": [[14, 15], [14, 16]]}, "account/forms.py": {"executed_lines": [], "summary": {"covered_lines": 0, "num_statements": 36, "percent_covered": 0.0, "percent_covered_display": "0.00", "missing_lines": 36, "excluded_lines": 0, "num_branches": 6, "num_partial_branches": 0, "covered_branches": 0, "missing_branches": 6}, "missing_lines": [1, 2, 4, 7, 8, 9, 12, 13, 14, 16, 17, 18, 20, 21, 22, 23, 24, 26, 27, 28, 29, 30, 33, 34, 35, 36, 38, 39, 40, 41, 42, 43, 46, 47, 48, 49], "excluded_lines": [], "executed_branches": [], "missing_branches": [[22, 23], [22, 24], [28, 29], [28, 30], [41, 42], [41, 43]]}, "account/models.py": {"executed_lines": [1, 2, 3, 6, 7, 8, 9, 11, 15, 16, 19, 22, 24, 25, 28, 30, 35, 36], "summary": {"covered_lines": 18, "num_statements": 20, "percent_covered": 90.0, "percent_covered_display": "90.00", "missing_lines": 2, "excluded_lines": 0, "num_branches": 0, "num_partial_branches": 0, "covered_branches": 0, "missing_branches": 0}, "missing_lines": [12, 31], "excluded_lines": [], "executed_branches": [], "missing_branches": []}, "account/urls.py": {"executed_lines": [], "summary": {"covered_lines": 0, "num_statements": 3, "percent_covered": 0.0, "percent_covered_display": "0.00", "missing_lines": 3, "excluded_lines": 0, "num_branches": 0, "num_partial_branches": 0, "covered_branches": 0, "missing_branches": 0}, "missing_lines": [1, 3, 5], "excluded_lines": [], "executed_branches": [], "missing_branches": []}, "account/views.py": {"executed_lines": [], "summary": {"covered_lines": 0, "num_statements": 82, "percent_covered": 0.0, "percent_covered_display": "0.00", "missing_lines": 82, "excluded_lines": 0, "num_branches": 36, "num_partial_branches": 0, "covered_branches": 0, "missing_branches": 36}, "missing_lines": [1, 2, 3, 4, 5, 6, 7, 9, 10, 12, 13, 16, 17, 18, 19, 20, 21, 24, 25, 26, 27, 29, 31, 33, 34, 37, 38, 40, 41, 43, 45, 46, 49, 56, 57, 58, 59, 60, 61, 62, 63, 64, 65, 71, 72, 79, 80, 81, 82, 83, 86, 87, 88, 89, 91, 93, 94, 95, 102, 103, 104, 105, 110, 111, 112, 113, 118, 119, 120, 121, 122, 123, 124, 125, 126, 127, 128, 130, 131, 132, 133, 134], "excluded_lines": [], "executed_branches": [], "missing_branches": [[17, 18], [17, 33], [19, 20], [19, 34], [24, 25], [24, 31], [25, 26], [25, 29], [38, 37], [38, 56], [43, 45], [43, 46], [57, 58], [57, 71], [59, 60], [59, 72], [80, 79], [80, 102], [81, 82], [81, 93], [86, 87], [86, 91], [103, 102], [103, 110], [111, 110], [111, 118], [118, 119], [118, 120], [119, 118], [119, 120], [120, -1], [120, 119], [123, 124], [123, 134], [126, 127], [126, 130]]}, "actions/admin.py": {"executed_lines": [1, 3, 6, 7, 8, 9, 10], "summary": {"covered_lines": 7, "num_statements": 7, "percent_covered": 100.0, "percent_covered_display": "100.00", "missing_lines": 0, "excluded_lines": 0, "num_branches": 2, "num_partial_branches": 0, "covered_branches": 2, "missing_branches": 0}, "missing_lines": [], "excluded_lines": [], "executed_branches": [[6, 7], [6, 8]], "missing_branches": []}, "actions/apps.py": {"executed_lines": [1, 4, 5, 6], "summary": {"covered_lines": 4, "num_statements": 4, "percent_covered": 100.0, "percent_covered_display": "100.00", "missing_lines": 0, "excluded_lines": 0, "num_branches": 0, "num_partial_branches": 0, "covered_branches": 0, "missing_branches": 0}, "missing_lines": [], "excluded_lines": [], "executed_branches": [], "missing_branches": []}, "actions/models.py": {"executed_lines": [1, 2, 3, 6, 7, 12, 13, 14, 21, 22, 24, 25, 29, 31], "summary": {"covered_lines": 14, "num_statements": 15, "percent_covered": 93.33333333333333, "percent_covered_display": "93.33", "missing_lines": 1, "excluded_lines": 0, "num_branches": 0, "num_partial_branches": 0, "covered_branches": 0, "missing_branches": 0}, "missing_lines": [32], "excluded_lines": [], "executed_branches": [], "missing_branches": []}, "actions/utils.py": {"executed_lines": [], "summary": {"covered_lines": 0, "num_statements": 16, "percent_covered": 0.0, "percent_covered_display": "0.00", "missing_lines": 16, "excluded_lines": 0, "num_branches": 4, "num_partial_branches": 0, "covered_branches": 0, "missing_branches": 4}, "missing_lines": [1, 3, 4, 6, 9, 11, 12, 13, 18, 19, 20, 24, 26, 27, 28, 29], "excluded_lines": [], "executed_branches": [], "missing_branches": [[18, 19], [18, 24], [24, 26], [24, 29]]}, "actions/views.py": {"executed_lines": [], "summary": {"covered_lines": 0, "num_statements": 0, "percent_covered": 100.0, "percent_covered_display": "100.00", "missing_lines": 0, "excluded_lines": 0, "num_branches": 0, "num_partial_branches": 0, "covered_branches": 0, "missing_branches": 0}, "missing_lines": [], "excluded_lines": [], "executed_branches": [], "missing_branches": []}, "config/urls.py": {"executed_lines": [], "summary": {"covered_lines": 0, "num_statements": 6, "percent_covered": 0.0, "percent_covered_display": "0.00", "missing_lines": 6, "excluded_lines": 2, "num_branches": 0, "num_partial_branches": 0, "covered_branches": 0, "missing_branches": 0}, "missing_lines": [1, 2, 3, 4, 6, 16], "excluded_lines": [17, 19], "executed_branches": [], "missing_branches": []}}, "totals": {"covered_lines": 53, "num_statements": 217, "percent_covered": 21.189591078066915, "percent_covered_display": "21.19", "missing_lines": 164, "excluded_lines": 2, "num_branches": 52, "num_partial_branches": 0, "covered_branches": 4, "missing_branches": 48}}